# JRE version: OpenJDK Runtime Environment (24.0+36) (build 24+36-3646)
# Java VM: OpenJDK 64-Bit Server VM (24+36-3646, mixed mode, emulated-client, sharing, tiered, compressed oops, compressed class ptrs, g1 gc, windows-amd64)
GC Precious Log:
 CardTable entry size: 512
 Card Set container configuration: InlinePtr #cards 4 size 8 Array Of Cards #cards 16 size 48 Howl #buckets 8 coarsen threshold 3686 Howl Bitmap #cards 512 size 80 coarsen threshold 460 Card regions per heap region 1 cards per card region 4096
 CPUs: 12 total, 12 available
 Memory: 16234M
 Large Page Support: Disabled
 NUMA Support: Disabled
 Compressed Oops: Enabled (Zero based)
 Heap Region Size: 2M
 Heap Min Capacity: 8M
 Heap Initial Capacity: 254M
 Heap Max Capacity: 4060M
 Pre-touch: Disabled
 Parallel Workers: 10
 Concurrent Workers: 3
 Concurrent Refinement Workers: 10
 Periodic GC: Disabled
Heap:
 garbage-first heap   total reserved 4157440K, committed 145408K, used 91990K [0x0000000702400000, 0x0000000800000000)
  region size 2048K, 21 young (43008K), 5 survivors (10240K)
 Metaspace       used 96280K, committed 97024K, reserved 1179648K
  class space    used 11461K, committed 11776K, reserved 1048576K
GC Heap History (20 events):
Event: 5.834 GC heap before
{Heap before GC invocations=17 (full 0):
 garbage-first heap   total reserved 4157440K, committed 90112K, used 73256K [0x0000000702400000, 0x0000000800000000)
  region size 2048K, 21 young (43008K), 3 survivors (6144K)
 Metaspace       used 79675K, committed 80256K, reserved 1179648K
  class space    used 9132K, committed 9344K, reserved 1048576K
}
Event: 5.838 GC heap after
{Heap after GC invocations=18 (full 0):
 garbage-first heap   total reserved 4157440K, committed 90112K, used 41388K [0x0000000702400000, 0x0000000800000000)
  region size 2048K, 3 young (6144K), 3 survivors (6144K)
 Metaspace       used 79675K, committed 80256K, reserved 1179648K
  class space    used 9132K, committed 9344K, reserved 1048576K
}
Event: 6.120 GC heap before
{Heap before GC invocations=18 (full 0):
 garbage-first heap   total reserved 4157440K, committed 90112K, used 76204K [0x0000000702400000, 0x0000000800000000)
  region size 2048K, 20 young (40960K), 3 survivors (6144K)
 Metaspace       used 83010K, committed 83520K, reserved 1179648K
  class space    used 9716K, committed 9920K, reserved 1048576K
}
Event: 6.124 GC heap after
{Heap after GC invocations=19 (full 0):
 garbage-first heap   total reserved 4157440K, committed 90112K, used 44905K [0x0000000702400000, 0x0000000800000000)
  region size 2048K, 3 young (6144K), 3 survivors (6144K)
 Metaspace       used 83010K, committed 83520K, reserved 1179648K
  class space    used 9716K, committed 9920K, reserved 1048576K
}
Event: 6.203 GC heap before
{Heap before GC invocations=20 (full 0):
 garbage-first heap   total reserved 4157440K, committed 90112K, used 75625K [0x0000000702400000, 0x0000000800000000)
  region size 2048K, 18 young (36864K), 3 survivors (6144K)
 Metaspace       used 83273K, committed 83776K, reserved 1179648K
  class space    used 9781K, committed 9984K, reserved 1048576K
}
Event: 6.208 GC heap after
{Heap after GC invocations=21 (full 0):
 garbage-first heap   total reserved 4157440K, committed 90112K, used 51986K [0x0000000702400000, 0x0000000800000000)
  region size 2048K, 3 young (6144K), 3 survivors (6144K)
 Metaspace       used 83273K, committed 83776K, reserved 1179648K
  class space    used 9781K, committed 9984K, reserved 1048576K
}
Event: 6.287 GC heap before
{Heap before GC invocations=21 (full 0):
 garbage-first heap   total reserved 4157440K, committed 90112K, used 76562K [0x0000000702400000, 0x0000000800000000)
  region size 2048K, 15 young (30720K), 3 survivors (6144K)
 Metaspace       used 83799K, committed 84352K, reserved 1179648K
  class space    used 9876K, committed 10112K, reserved 1048576K
}
Event: 6.291 GC heap after
{Heap after GC invocations=22 (full 0):
 garbage-first heap   total reserved 4157440K, committed 108544K, used 55164K [0x0000000702400000, 0x0000000800000000)
  region size 2048K, 2 young (4096K), 2 survivors (4096K)
 Metaspace       used 83799K, committed 84352K, reserved 1179648K
  class space    used 9876K, committed 10112K, reserved 1048576K
}
Event: 6.372 GC heap before
{Heap before GC invocations=22 (full 0):
 garbage-first heap   total reserved 4157440K, committed 108544K, used 92028K [0x0000000702400000, 0x0000000800000000)
  region size 2048K, 20 young (40960K), 2 survivors (4096K)
 Metaspace       used 83861K, committed 84416K, reserved 1179648K
  class space    used 9888K, committed 10112K, reserved 1048576K
}
Event: 6.375 GC heap after
{Heap after GC invocations=23 (full 0):
 garbage-first heap   total reserved 4157440K, committed 108544K, used 59667K [0x0000000702400000, 0x0000000800000000)
  region size 2048K, 3 young (6144K), 3 survivors (6144K)
 Metaspace       used 83861K, committed 84416K, reserved 1179648K
  class space    used 9888K, committed 10112K, reserved 1048576K
}
Event: 6.454 GC heap before
{Heap before GC invocations=23 (full 0):
 garbage-first heap   total reserved 4157440K, committed 108544K, used 92435K [0x0000000702400000, 0x0000000800000000)
  region size 2048K, 19 young (38912K), 3 survivors (6144K)
 Metaspace       used 83861K, committed 84416K, reserved 1179648K
  class space    used 9888K, committed 10112K, reserved 1048576K
}
Event: 6.457 GC heap after
{Heap after GC invocations=24 (full 0):
 garbage-first heap   total reserved 4157440K, committed 108544K, used 61397K [0x0000000702400000, 0x0000000800000000)
  region size 2048K, 1 young (2048K), 1 survivors (2048K)
 Metaspace       used 83861K, committed 84416K, reserved 1179648K
  class space    used 9888K, committed 10112K, reserved 1048576K
}
Event: 6.522 GC heap before
{Heap before GC invocations=24 (full 0):
 garbage-first heap   total reserved 4157440K, committed 108544K, used 94165K [0x0000000702400000, 0x0000000800000000)
  region size 2048K, 17 young (34816K), 1 survivors (2048K)
 Metaspace       used 83867K, committed 84416K, reserved 1179648K
  class space    used 9890K, committed 10112K, reserved 1048576K
}
Event: 6.525 GC heap after
{Heap after GC invocations=25 (full 0):
 garbage-first heap   total reserved 4157440K, committed 108544K, used 61448K [0x0000000702400000, 0x0000000800000000)
  region size 2048K, 1 young (2048K), 1 survivors (2048K)
 Metaspace       used 83867K, committed 84416K, reserved 1179648K
  class space    used 9890K, committed 10112K, reserved 1048576K
}
Event: 6.695 GC heap before
{Heap before GC invocations=26 (full 0):
 garbage-first heap   total reserved 4157440K, committed 108544K, used 94216K [0x0000000702400000, 0x0000000800000000)
  region size 2048K, 18 young (36864K), 1 survivors (2048K)
 Metaspace       used 84261K, committed 84800K, reserved 1179648K
  class space    used 9931K, committed 10176K, reserved 1048576K
}
Event: 6.697 GC heap after
{Heap after GC invocations=27 (full 0):
 garbage-first heap   total reserved 4157440K, committed 108544K, used 62405K [0x0000000702400000, 0x0000000800000000)
  region size 2048K, 2 young (4096K), 2 survivors (4096K)
 Metaspace       used 84261K, committed 84800K, reserved 1179648K
  class space    used 9931K, committed 10176K, reserved 1048576K
}
Event: 7.019 GC heap before
{Heap before GC invocations=27 (full 0):
 garbage-first heap   total reserved 4157440K, committed 108544K, used 93125K [0x0000000702400000, 0x0000000800000000)
  region size 2048K, 17 young (34816K), 2 survivors (4096K)
 Metaspace       used 86998K, committed 87552K, reserved 1179648K
  class space    used 10267K, committed 10496K, reserved 1048576K
}
Event: 7.022 GC heap after
{Heap after GC invocations=28 (full 0):
 garbage-first heap   total reserved 4157440K, committed 145408K, used 58810K [0x0000000702400000, 0x0000000800000000)
  region size 2048K, 3 young (6144K), 3 survivors (6144K)
 Metaspace       used 86998K, committed 87552K, reserved 1179648K
  class space    used 10267K, committed 10496K, reserved 1048576K
}
Event: 17.761 GC heap before
{Heap before GC invocations=28 (full 0):
 garbage-first heap   total reserved 4157440K, committed 145408K, used 120250K [0x0000000702400000, 0x0000000800000000)
  region size 2048K, 34 young (69632K), 3 survivors (6144K)
 Metaspace       used 95827K, committed 96576K, reserved 1179648K
  class space    used 11384K, committed 11712K, reserved 1048576K
}
Event: 17.768 GC heap after
{Heap after GC invocations=29 (full 0):
 garbage-first heap   total reserved 4157440K, committed 145408K, used 63318K [0x0000000702400000, 0x0000000800000000)
  region size 2048K, 5 young (10240K), 5 survivors (10240K)
 Metaspace       used 95827K, committed 96576K, reserved 1179648K
  class space    used 11384K, committed 11712K, reserved 1048576K
}

